Build started 12/5/2016 9:38:19 PM.
     1>Project "E:\IVC Final\CS585_lab6_solution\CS585_lab6\CS585_lab6.vcxproj" on node 2 (Build target(s)).
     1>C:\Program Files (x86)\MSBuild\Microsoft.Cpp\v4.0\V120\Microsoft.CppBuild.targets(381,5): warning MSB8028: The intermediate directory (x64\Release\) contains files shared from another project (CS585_lab6.vcxproj).  This can lead to incorrect clean and rebuild behavior.
     1>ClCompile:
         C:\Program Files (x86)\Microsoft Visual Studio 12.0\VC\bin\x86_amd64\CL.exe /c /IC:\opencv\build\include /Zi /nologo /W3 /WX- /sdl /O2 /Oi /GL /D WIN32 /D NDEBUG /D _CONSOLE /D _LIB /D _UNICODE /D UNICODE /Gm- /EHsc /MTd /GS /Gy /fp:precise /Zc:wchar_t /Zc:forScope /Fo"x64\Release\\" /Fd"x64\Release\vc120.pdb" /Gd /TP /errorReport:prompt calVelocity.cpp CornerDetection.cpp HungarianAlg.cpp Kalman.cpp LatestPointCatcher.cpp main.cpp testingFunctions.cpp tracker.cpp track_vector.cpp
         calVelocity.cpp
     1>calVelocity.cpp(24): warning C4267: 'initializing' : conversion from 'size_t' to 'int', possible loss of data
     1>calVelocity.cpp(32): warning C4244: '=' : conversion from 'double' to 'int', possible loss of data
     1>calVelocity.cpp(33): warning C4244: '=' : conversion from 'double' to 'int', possible loss of data
     1>calVelocity.cpp(35): warning C4244: '=' : conversion from 'float' to 'int', possible loss of data
         CornerDetection.cpp
         HungarianAlg.cpp
         Kalman.cpp
         LatestPointCatcher.cpp
         main.cpp
     1>main.cpp(51): warning C4305: 'argument' : truncation from 'double' to 'float'
     1>main.cpp(52): warning C4305: 'argument' : truncation from 'double' to 'float'
         testingFunctions.cpp
         tracker.cpp
         track_vector.cpp
     1>track_vector.cpp(48): warning C4305: 'argument' : truncation from 'double' to 'float'
     1>track_vector.cpp(53): warning C4267: 'initializing' : conversion from 'size_t' to 'int', possible loss of data
     1>track_vector.cpp(54): warning C4267: 'initializing' : conversion from 'size_t' to 'int', possible loss of data
     1>track_vector.cpp(113): warning C4305: 'argument' : truncation from 'double' to 'float'
       Link:
         C:\Program Files (x86)\Microsoft Visual Studio 12.0\VC\bin\x86_amd64\link.exe /ERRORREPORT:PROMPT /OUT:"E:\IVC Final\CS585_lab6_solution\x64\Release\CTracker.exe" /INCREMENTAL:NO /NOLOGO /LIBPATH:C:\opencv\build\x64\vc14\lib opencv_world310d.lib kernel32.lib user32.lib gdi32.lib winspool.lib comdlg32.lib advapi32.lib shell32.lib ole32.lib oleaut32.lib uuid.lib odbc32.lib odbccp32.lib /MANIFEST /MANIFESTUAC:"level='asInvoker' uiAccess='false'" /manifest:embed /DEBUG /PDB:"E:\IVC Final\CS585_lab6_solution\x64\Release\CTracker.pdb" /SUBSYSTEM:CONSOLE /OPT:REF /OPT:ICF /LTCG /TLBID:1 /DYNAMICBASE /NXCOMPAT /IMPLIB:"E:\IVC Final\CS585_lab6_solution\x64\Release\CTracker.lib" /MACHINE:X64 x64\Release\calVelocity.obj
         x64\Release\CornerDetection.obj
         x64\Release\HungarianAlg.obj
         x64\Release\Kalman.obj
         x64\Release\LatestPointCatcher.obj
         x64\Release\main.obj
         x64\Release\testingFunctions.obj
         x64\Release\tracker.obj
         x64\Release\track_vector.obj
         Generating code
         Finished generating code
         CS585_lab6.vcxproj -> E:\IVC Final\CS585_lab6_solution\x64\Release\CTracker.exe
     1>Done Building Project "E:\IVC Final\CS585_lab6_solution\CS585_lab6\CS585_lab6.vcxproj" (Build target(s)).

Build succeeded.

Time Elapsed 00:00:21.74
