c:\users\junhec\downloads\ctraker6\cs585_lab6_solution\cs585_lab6\x64\debug\vc120.pdb
c:\users\junhec\downloads\ctraker6\cs585_lab6_solution\cs585_lab6\x64\debug\vc120.idb
c:\users\junhec\downloads\ctraker6\cs585_lab6_solution\cs585_lab6\x64\debug\cornerdetection.obj
c:\users\junhec\downloads\ctraker6\cs585_lab6_solution\cs585_lab6\x64\debug\hungarianalg.obj
c:\users\junhec\downloads\ctraker6\cs585_lab6_solution\cs585_lab6\x64\debug\kalman.obj
c:\users\junhec\downloads\ctraker6\cs585_lab6_solution\cs585_lab6\x64\debug\latestpointcatcher.obj
c:\users\junhec\downloads\ctraker6\cs585_lab6_solution\cs585_lab6\x64\debug\main.obj
c:\users\junhec\downloads\ctraker6\cs585_lab6_solution\cs585_lab6\x64\debug\tracker.obj
c:\users\junhec\downloads\ctraker6\cs585_lab6_solution\cs585_lab6\x64\debug\track_vector.obj
c:\users\junhec\downloads\ctraker6\cs585_lab6_solution\x64\debug\ctracker.pdb
c:\users\junhec\downloads\ctraker6\cs585_lab6_solution\cs585_lab6\x64\debug\ctracker.tlog\cl.command.1.tlog
c:\users\junhec\downloads\ctraker6\cs585_lab6_solution\cs585_lab6\x64\debug\ctracker.tlog\cl.read.1.tlog
c:\users\junhec\downloads\ctraker6\cs585_lab6_solution\cs585_lab6\x64\debug\ctracker.tlog\cl.write.1.tlog
c:\users\junhec\downloads\ctraker6\cs585_lab6_solution\cs585_lab6\x64\debug\ctracker.tlog\link-cvtres.read.1.tlog
c:\users\junhec\downloads\ctraker6\cs585_lab6_solution\cs585_lab6\x64\debug\ctracker.tlog\link-cvtres.write.1.tlog
c:\users\junhec\downloads\ctraker6\cs585_lab6_solution\cs585_lab6\x64\debug\ctracker.tlog\link-rc.read.1.tlog
c:\users\junhec\downloads\ctraker6\cs585_lab6_solution\cs585_lab6\x64\debug\ctracker.tlog\link-rc.write.1.tlog
c:\users\junhec\downloads\ctraker6\cs585_lab6_solution\cs585_lab6\x64\debug\ctracker.tlog\link.command.1.tlog
c:\users\junhec\downloads\ctraker6\cs585_lab6_solution\cs585_lab6\x64\debug\ctracker.tlog\link.read.1.tlog
c:\users\junhec\downloads\ctraker6\cs585_lab6_solution\cs585_lab6\x64\debug\ctracker.tlog\link.write.1.tlog
